*** Starting uWSGI 2.0.19.1 (64bit) on [Sun Dec 13 11:07:09 2020] ***
compiled with version: 4.8.5 20150623 (Red Hat 4.8.5-44) on 13 December 2020 08:11:24
os: Linux-3.10.0 #1 SMP Tue Jun 9 12:58:54 MSK 2020
nodename: wangjie
machine: x86_64
clock source: unix
pcre jit disabled
detected number of CPU cores: 1
current working directory: /data/wwwroot/mysite
detected binary path: /data/env/pyweb/bin/uwsgi
uWSGI running as root, you can use --uid/--gid/--chroot options
*** WARNING: you are running uWSGI as root !!! (use the --uid flag) *** 
chdir() to /data/wwwroot/mysite/
*** WARNING: you are running uWSGI without its master process manager ***
your processes number limit is 62987
your memory page size is 4096 bytes
detected max file descriptor number: 1024
lock engine: pthread robust mutexes
thunder lock: disabled (you can enable it with --thunder-lock)
uwsgi socket 0 bound to TCP address 127.0.0.1:8997 fd 3
uWSGI running as root, you can use --uid/--gid/--chroot options
*** WARNING: you are running uWSGI as root !!! (use the --uid flag) *** 
Python version: 3.6.6 (default, Dec 13 2020, 07:24:10)  [GCC 4.8.5 20150623 (Red Hat 4.8.5-44)]
*** Python threads support is disabled. You can enable it with --enable-threads ***
Python main interpreter initialized at 0x1c16bb0
uWSGI running as root, you can use --uid/--gid/--chroot options
*** WARNING: you are running uWSGI as root !!! (use the --uid flag) *** 
your server socket listen backlog is limited to 100 connections
your mercy for graceful operations on workers is 60 seconds
mapped 291680 bytes (284 KB) for 4 cores
*** Operational MODE: preforking ***
WSGI app 0 (mountpoint='') ready in 1 seconds on interpreter 0x1c16bb0 pid: 1828 (default app)
uWSGI running as root, you can use --uid/--gid/--chroot options
*** WARNING: you are running uWSGI as root !!! (use the --uid flag) *** 
*** uWSGI is running in multiple interpreter mode ***
spawned uWSGI worker 1 (pid: 1828, cores: 1)
spawned uWSGI worker 2 (pid: 1830, cores: 1)
spawned uWSGI worker 3 (pid: 1831, cores: 1)
spawned uWSGI worker 4 (pid: 1832, cores: 1)
[pid: 1828|app: 0|req: 1/1] 113.140.11.123 () {44 vars in 791 bytes} [Sun Dec 13 10:07:38 2020] GET / => generated 146 bytes in 20 msecs (HTTP/1.1 200) 5 headers in 166 bytes (1 switches on core 0)
Not Found: /favicon.ico
[pid: 1830|app: 0|req: 1/2] 113.140.11.123 () {44 vars in 728 bytes} [Sun Dec 13 10:07:39 2020] GET /favicon.ico => generated 2069 bytes in 27 msecs (HTTP/1.1 404) 5 headers in 159 bytes (1 switches on core 0)
[pid: 1831|app: 0|req: 1/3] 113.140.11.123 () {46 vars in 822 bytes} [Sun Dec 13 10:08:25 2020] GET / => generated 149 bytes in 21 msecs (HTTP/1.1 200) 5 headers in 166 bytes (1 switches on core 0)
